<?xml version="1.0" encoding="UTF-8"?>
<!-- Generated by org.testng.reporters.JUnitXMLReporter -->
<testsuite hostname="MacBook-Pro-3.local" ignored="0" name="Firefox" tests="3" failures="0" timestamp="2020-01-22T01:37:00 AST" time="91.24" errors="0">
  <testcase name="verify_URL_for_Weerbericht_Nederland_Page" time="20.107" classname="nl.weer.test.HomePageTestCases"/>
  <testcase name="verify_Searched_City_Page_redirected" time="17.425" classname="nl.weer.test.HomePageTestCases"/>
  <testcase name="verify_User_Sets_Homepage_City" time="27.482" classname="nl.weer.test.HomePageTestCases"/>
</testsuite> <!-- Firefox -->
